26-02-24 21:30:12.298 [main] INFO  c.e.j.JournalAppLatestApplication - Starting JournalAppLatestApplication using Java 21.0.9 with PID 30664 (C:\Users\vineet\Downloads\journalAppLatest\journalAppLatest\target\classes started by vineet in C:\Users\vineet\Downloads\journalAppLatest\journalAppLatest) 
26-02-24 21:30:12.302 [main] INFO  c.e.j.JournalAppLatestApplication - The following 1 profile is active: "dev" 
26-02-24 21:30:12.785 [main] INFO  o.s.d.r.c.RepositoryConfigurationDelegate - Bootstrapping Spring Data MongoDB repositories in DEFAULT mode. 
26-02-24 21:30:12.829 [main] INFO  o.s.d.r.c.RepositoryConfigurationDelegate - Finished Spring Data repository scanning in 39 ms. Found 2 MongoDB repository interfaces. 
26-02-24 21:30:13.184 [main] INFO  o.s.boot.tomcat.TomcatWebServer - Tomcat initialized with port 8080 (http) 
26-02-24 21:30:13.192 [main] INFO  o.a.coyote.http11.Http11NioProtocol - Initializing ProtocolHandler ["http-nio-8080"] 
26-02-24 21:30:13.193 [main] INFO  o.a.catalina.core.StandardService - Starting service [Tomcat] 
26-02-24 21:30:13.194 [main] INFO  o.a.catalina.core.StandardEngine - Starting Servlet engine: [Apache Tomcat/11.0.18] 
26-02-24 21:30:13.228 [main] INFO  o.s.b.w.c.s.WebApplicationContextInitializer - Root WebApplicationContext: initialization completed in 863 ms 
26-02-24 21:30:13.402 [main] INFO  org.mongodb.driver.client - MongoClient with metadata {"driver": {"name": "mongo-java-driver|sync", "version": "5.6.3"}, "os": {"type": "Windows", "name": "Windows 11", "architecture": "amd64", "version": "10.0"}, "platform": "Java/Oracle Corporation/21.0.9+7-LTS-338"} created with settings MongoClientSettings{readPreference=primary, writeConcern=WriteConcern{w=majority, wTimeout=null ms, journal=null}, retryWrites=true, retryReads=true, readConcern=ReadConcern{level=null}, credential=MongoCredential{mechanism=null, userName='vineet', source='admin', password=<hidden>, mechanismProperties=<hidden>}, transportSettings=null, commandListeners=[], codecRegistry=ProvidersCodecRegistry{codecProviders=[ValueCodecProvider{}, BsonValueCodecProvider{}, DBRefCodecProvider{}, DBObjectCodecProvider{}, DocumentCodecProvider{}, CollectionCodecProvider{}, IterableCodecProvider{}, MapCodecProvider{}, GeoJsonCodecProvider{}, GridFSFileCodecProvider{}, Jsr310CodecProvider{}, JsonObjectCodecProvider{}, BsonCodecProvider{}, com.mongodb.client.model.mql.ExpressionCodecProvider@1f10fec6, com.mongodb.Jep395RecordCodecProvider@7a65a360, com.mongodb.KotlinCodecProvider@30a7653e, EnumCodecProvider{}]}, loggerSettings=LoggerSettings{maxDocumentLength=1000}, clusterSettings={hosts=[127.0.0.1:27017], srvHost=cluster0.3c8gqrp.mongodb.net, srvServiceName=mongodb, mode=MULTIPLE, requiredClusterType=REPLICA_SET, requiredReplicaSetName='atlas-3mn499-shard-0', serverSelector='null', clusterListeners='[]', serverSelectionTimeout='30000 ms', localThreshold='15 ms'}, socketSettings=SocketSettings{connectTimeoutMS=10000, readTimeoutMS=0, receiveBufferSize=0, proxySettings=ProxySettings{host=null, port=null, username=null, password=null}}, heartbeatSocketSettings=SocketSettings{connectTimeoutMS=10000, readTimeoutMS=10000, receiveBufferSize=0, proxySettings=ProxySettings{host=null, port=null, username=null, password=null}}, connectionPoolSettings=ConnectionPoolSettings{maxSize=100, minSize=0, maxWaitTimeMS=120000, maxConnectionLifeTimeMS=0, maxConnectionIdleTimeMS=0, maintenanceInitialDelayMS=0, maintenanceFrequencyMS=60000, connectionPoolListeners=[], maxConnecting=2}, serverSettings=ServerSettings{heartbeatFrequencyMS=10000, minHeartbeatFrequencyMS=500, serverMonitoringMode=AUTO, serverListeners='[]', serverMonitorListeners='[]'}, sslSettings=SslSettings{enabled=true, invalidHostNameAllowed=false, context=null}, applicationName='null', compressorList=[], uuidRepresentation=UNSPECIFIED, serverApi=null, autoEncryptionSettings=null, dnsClient=null, inetAddressResolver=null, contextProvider=null, timeoutMS=null} 
26-02-24 21:30:13.572 [cluster-ClusterId{value='699dcb0dfb4d925c363ae2b6', description='null'}-srv-cluster0.3c8gqrp.mongodb.net] INFO  org.mongodb.driver.cluster - Adding discovered server ac-xwx5ggb-shard-00-01.3c8gqrp.mongodb.net:27017 to client view of cluster 
26-02-24 21:30:13.587 [main] INFO  org.mongodb.driver.cluster - Waiting for server to become available for operation createIndexes with ID 2. Remaining time: 29988 ms. Selector: WritableServerSelector, topology description: {type=UNKNOWN, servers=[]. 
26-02-24 21:30:13.590 [cluster-ClusterId{value='699dcb0dfb4d925c363ae2b6', description='null'}-srv-cluster0.3c8gqrp.mongodb.net] INFO  org.mongodb.driver.cluster - Adding discovered server ac-xwx5ggb-shard-00-00.3c8gqrp.mongodb.net:27017 to client view of cluster 
26-02-24 21:30:13.591 [cluster-ClusterId{value='699dcb0dfb4d925c363ae2b6', description='null'}-srv-cluster0.3c8gqrp.mongodb.net] INFO  org.mongodb.driver.cluster - Adding discovered server ac-xwx5ggb-shard-00-02.3c8gqrp.mongodb.net:27017 to client view of cluster 
26-02-24 21:30:14.073 [cluster-ClusterId{value='699dcb0dfb4d925c363ae2b6', description='null'}-ac-xwx5ggb-shard-00-01.3c8gqrp.mongodb.net:27017] INFO  org.mongodb.driver.cluster - Monitor thread successfully connected to server with description ServerDescription{address=ac-xwx5ggb-shard-00-01.3c8gqrp.mongodb.net:27017, type=REPLICA_SET_PRIMARY, cryptd=false, state=CONNECTED, ok=true, minWireVersion=0, maxWireVersion=25, maxDocumentSize=16777216, logicalSessionTimeoutMinutes=30, roundTripTimeNanos=299100800, minRoundTripTimeNanos=0, setName='atlas-3mn499-shard-0', canonicalAddress=ac-xwx5ggb-shard-00-01.3c8gqrp.mongodb.net:27017, hosts=[ac-xwx5ggb-shard-00-00.3c8gqrp.mongodb.net:27017, ac-xwx5ggb-shard-00-01.3c8gqrp.mongodb.net:27017, ac-xwx5ggb-shard-00-02.3c8gqrp.mongodb.net:27017], passives=[], arbiters=[], primary='ac-xwx5ggb-shard-00-01.3c8gqrp.mongodb.net:27017', tagSet=TagSet{[Tag{name='availabilityZone', value='aps1-az3'}, Tag{name='diskState', value='READY'}, Tag{name='nodeType', value='ELECTABLE'}, Tag{name='provider', value='AWS'}, Tag{name='region', value='AP_SOUTH_1'}, Tag{name='workloadType', value='OPERATIONAL'}]}, electionId=7fffffff0000000000000134, setVersion=337, topologyVersion=TopologyVersion{processId=698f8874c9644031240fd16e, counter=6}, lastWriteDate=Tue Feb 24 21:30:14 IST 2026, lastUpdateTimeNanos=124515151696300} 
26-02-24 21:30:14.073 [cluster-ClusterId{value='699dcb0dfb4d925c363ae2b6', description='null'}-ac-xwx5ggb-shard-00-02.3c8gqrp.mongodb.net:27017] INFO  org.mongodb.driver.cluster - Monitor thread successfully connected to server with description ServerDescription{address=ac-xwx5ggb-shard-00-02.3c8gqrp.mongodb.net:27017, type=REPLICA_SET_SECONDARY, cryptd=false, state=CONNECTED, ok=true, minWireVersion=0, maxWireVersion=25, maxDocumentSize=16777216, logicalSessionTimeoutMinutes=30, roundTripTimeNanos=299105900, minRoundTripTimeNanos=0, setName='atlas-3mn499-shard-0', canonicalAddress=ac-xwx5ggb-shard-00-02.3c8gqrp.mongodb.net:27017, hosts=[ac-xwx5ggb-shard-00-00.3c8gqrp.mongodb.net:27017, ac-xwx5ggb-shard-00-01.3c8gqrp.mongodb.net:27017, ac-xwx5ggb-shard-00-02.3c8gqrp.mongodb.net:27017], passives=[], arbiters=[], primary='ac-xwx5ggb-shard-00-01.3c8gqrp.mongodb.net:27017', tagSet=TagSet{[Tag{name='availabilityZone', value='aps1-az2'}, Tag{name='diskState', value='READY'}, Tag{name='nodeType', value='ELECTABLE'}, Tag{name='provider', value='AWS'}, Tag{name='region', value='AP_SOUTH_1'}, Tag{name='workloadType', value='OPERATIONAL'}]}, electionId=null, setVersion=337, topologyVersion=TopologyVersion{processId=698f8b30c3ee4c3482dc9051, counter=3}, lastWriteDate=Tue Feb 24 21:30:14 IST 2026, lastUpdateTimeNanos=124515151696400} 
26-02-24 21:30:14.073 [cluster-ClusterId{value='699dcb0dfb4d925c363ae2b6', description='null'}-ac-xwx5ggb-shard-00-00.3c8gqrp.mongodb.net:27017] INFO  org.mongodb.driver.cluster - Monitor thread successfully connected to server with description ServerDescription{address=ac-xwx5ggb-shard-00-00.3c8gqrp.mongodb.net:27017, type=REPLICA_SET_SECONDARY, cryptd=false, state=CONNECTED, ok=true, minWireVersion=0, maxWireVersion=25, maxDocumentSize=16777216, logicalSessionTimeoutMinutes=30, roundTripTimeNanos=299103900, minRoundTripTimeNanos=0, setName='atlas-3mn499-shard-0', canonicalAddress=ac-xwx5ggb-shard-00-00.3c8gqrp.mongodb.net:27017, hosts=[ac-xwx5ggb-shard-00-00.3c8gqrp.mongodb.net:27017, ac-xwx5ggb-shard-00-01.3c8gqrp.mongodb.net:27017, ac-xwx5ggb-shard-00-02.3c8gqrp.mongodb.net:27017], passives=[], arbiters=[], primary='ac-xwx5ggb-shard-00-01.3c8gqrp.mongodb.net:27017', tagSet=TagSet{[Tag{name='availabilityZone', value='aps1-az1'}, Tag{name='diskState', value='READY'}, Tag{name='nodeType', value='ELECTABLE'}, Tag{name='provider', value='AWS'}, Tag{name='region', value='AP_SOUTH_1'}, Tag{name='workloadType', value='OPERATIONAL'}]}, electionId=null, setVersion=337, topologyVersion=TopologyVersion{processId=698f8593a51613976fa6996d, counter=4}, lastWriteDate=Tue Feb 24 21:30:14 IST 2026, lastUpdateTimeNanos=124515151696300} 
26-02-24 21:30:14.075 [cluster-ClusterId{value='699dcb0dfb4d925c363ae2b6', description='null'}-ac-xwx5ggb-shard-00-01.3c8gqrp.mongodb.net:27017] INFO  org.mongodb.driver.cluster - Discovered replica set primary ac-xwx5ggb-shard-00-01.3c8gqrp.mongodb.net:27017 with max election id 7fffffff0000000000000134 and max set version 337 
26-02-24 21:30:14.514 [main] INFO  o.s.s.c.a.a.c.InitializeUserDetailsBeanManagerConfigurer$InitializeUserDetailsManagerConfigurer - Global AuthenticationManager configured with UserDetailsService bean with name userDetailsServiceImpl 
26-02-24 21:30:14.839 [main] INFO  o.a.coyote.http11.Http11NioProtocol - Starting ProtocolHandler ["http-nio-8080"] 
26-02-24 21:30:14.849 [main] INFO  o.s.boot.tomcat.TomcatWebServer - Tomcat started on port 8080 (http) with context path '/journal' 
26-02-24 21:30:14.852 [main] INFO  c.e.j.JournalAppLatestApplication - Started JournalAppLatestApplication in 2.887 seconds (process running for 3.289) 
26-02-24 21:33:30.776 [http-nio-8080-exec-2] INFO  o.a.c.c.C.[.[localhost].[/journal] - Initializing Spring DispatcherServlet 'dispatcherServlet' 
26-02-24 21:33:30.777 [http-nio-8080-exec-2] INFO  o.s.web.servlet.DispatcherServlet - Initializing Servlet 'dispatcherServlet' 
26-02-24 21:33:30.780 [http-nio-8080-exec-2] INFO  o.s.web.servlet.DispatcherServlet - Completed initialization in 2 ms 
26-02-24 21:33:31.364 [http-nio-8080-exec-2] ERROR c.e.j.service.UserEntryService - hahah kya mjak kar rahe ho 
26-02-24 21:33:31.365 [http-nio-8080-exec-2] WARN  c.e.j.service.UserEntryService - hahah kya mjak kar rahe ho 
26-02-24 21:33:31.366 [http-nio-8080-exec-2] INFO  c.e.j.service.UserEntryService - hahah kya mjak kar rahe ho 
26-02-24 21:42:07.297 [SpringApplicationShutdownHook] INFO  o.s.boot.tomcat.GracefulShutdown - Commencing graceful shutdown. Waiting for active requests to complete 
26-02-24 21:42:07.302 [tomcat-shutdown] INFO  o.s.boot.tomcat.GracefulShutdown - Graceful shutdown complete 
26-02-24 21:42:21.200 [main] ERROR o.s.boot.SpringApplication - Application run failed 
java.lang.IllegalStateException: java.lang.IllegalStateException: Logback configuration error detected: 
ERROR in ch.qos.logback.core.rolling.RollingFileAppender[myFileAppender] - File property must be set before any triggeringPolicy or rollingPolicy properties
ERROR in ch.qos.logback.core.rolling.RollingFileAppender[myFileAppender] - For more information, please visit https://logback.qos.ch/codes.html#rfa_file_after
	at org.springframework.boot.context.logging.LoggingApplicationListener.initializeSystem(LoggingApplicationListener.java:352)
	at org.springframework.boot.context.logging.LoggingApplicationListener.initialize(LoggingApplicationListener.java:302)
	at org.springframework.boot.context.logging.LoggingApplicationListener.onApplicationEnvironmentPreparedEvent(LoggingApplicationListener.java:248)
	at org.springframework.boot.context.logging.LoggingApplicationListener.onApplicationEvent(LoggingApplicationListener.java:225)
	at org.springframework.context.event.SimpleApplicationEventMulticaster.doInvokeListener(SimpleApplicationEventMulticaster.java:180)
	at org.springframework.context.event.SimpleApplicationEventMulticaster.invokeListener(SimpleApplicationEventMulticaster.java:173)
	at org.springframework.context.event.SimpleApplicationEventMulticaster.multicastEvent(SimpleApplicationEventMulticaster.java:151)
	at org.springframework.context.event.SimpleApplicationEventMulticaster.multicastEvent(SimpleApplicationEventMulticaster.java:133)
	at org.springframework.boot.context.event.EventPublishingRunListener.multicastInitialEvent(EventPublishingRunListener.java:137)
	at org.springframework.boot.context.event.EventPublishingRunListener.environmentPrepared(EventPublishingRunListener.java:82)
	at org.springframework.boot.SpringApplicationRunListeners.lambda$environmentPrepared$0(SpringApplicationRunListeners.java:66)
	at java.base/java.lang.Iterable.forEach(Iterable.java:75)
	at org.springframework.boot.SpringApplicationRunListeners.doWithListeners(SpringApplicationRunListeners.java:123)
	at org.springframework.boot.SpringApplicationRunListeners.doWithListeners(SpringApplicationRunListeners.java:117)
	at org.springframework.boot.SpringApplicationRunListeners.environmentPrepared(SpringApplicationRunListeners.java:65)
	at org.springframework.boot.SpringApplication.prepareEnvironment(SpringApplication.java:356)
	at org.springframework.boot.SpringApplication.run(SpringApplication.java:316)
	at org.springframework.boot.SpringApplication.run(SpringApplication.java:1365)
	at org.springframework.boot.SpringApplication.run(SpringApplication.java:1354)
	at com.edigest.journalAppLatest.JournalAppLatestApplication.main(JournalAppLatestApplication.java:42)
Caused by: java.lang.IllegalStateException: Logback configuration error detected: 
ERROR in ch.qos.logback.core.rolling.RollingFileAppender[myFileAppender] - File property must be set before any triggeringPolicy or rollingPolicy properties
ERROR in ch.qos.logback.core.rolling.RollingFileAppender[myFileAppender] - For more information, please visit https://logback.qos.ch/codes.html#rfa_file_after
	at org.springframework.boot.logging.logback.LogbackLoggingSystem.reportConfigurationErrorsIfNecessary(LogbackLoggingSystem.java:296)
	at org.springframework.boot.logging.logback.LogbackLoggingSystem.loadConfiguration(LogbackLoggingSystem.java:274)
	at org.springframework.boot.logging.logback.LogbackLoggingSystem.reinitialize(LogbackLoggingSystem.java:351)
	at org.springframework.boot.logging.AbstractLoggingSystem.initializeWithConventions(AbstractLoggingSystem.java:79)
	at org.springframework.boot.logging.AbstractLoggingSystem.initialize(AbstractLoggingSystem.java:65)
	at org.springframework.boot.logging.logback.LogbackLoggingSystem.initialize(LogbackLoggingSystem.java:197)
	at org.springframework.boot.context.logging.LoggingApplicationListener.initializeSystem(LoggingApplicationListener.java:337)
	... 19 common frames omitted
26-02-24 21:42:57.153 [main] INFO  c.e.j.JournalAppLatestApplication - Starting JournalAppLatestApplication using Java 21.0.9 with PID 28004 (C:\Users\vineet\Downloads\journalAppLatest\journalAppLatest\target\classes started by vineet in C:\Users\vineet\Downloads\journalAppLatest\journalAppLatest) 
26-02-24 21:42:57.156 [main] INFO  c.e.j.JournalAppLatestApplication - The following 1 profile is active: "dev" 
26-02-24 21:42:57.626 [main] INFO  o.s.d.r.c.RepositoryConfigurationDelegate - Bootstrapping Spring Data MongoDB repositories in DEFAULT mode. 
26-02-24 21:42:57.697 [main] INFO  o.s.d.r.c.RepositoryConfigurationDelegate - Finished Spring Data repository scanning in 66 ms. Found 2 MongoDB repository interfaces. 
26-02-24 21:42:58.067 [main] INFO  o.s.boot.tomcat.TomcatWebServer - Tomcat initialized with port 8080 (http) 
26-02-24 21:42:58.075 [main] INFO  o.a.coyote.http11.Http11NioProtocol - Initializing ProtocolHandler ["http-nio-8080"] 
26-02-24 21:42:58.077 [main] INFO  o.a.catalina.core.StandardService - Starting service [Tomcat] 
26-02-24 21:42:58.077 [main] INFO  o.a.catalina.core.StandardEngine - Starting Servlet engine: [Apache Tomcat/11.0.18] 
26-02-24 21:42:58.108 [main] INFO  o.s.b.w.c.s.WebApplicationContextInitializer - Root WebApplicationContext: initialization completed in 914 ms 
26-02-24 21:42:58.365 [main] INFO  org.mongodb.driver.client - MongoClient with metadata {"driver": {"name": "mongo-java-driver|sync", "version": "5.6.3"}, "os": {"type": "Windows", "name": "Windows 11", "architecture": "amd64", "version": "10.0"}, "platform": "Java/Oracle Corporation/21.0.9+7-LTS-338"} created with settings MongoClientSettings{readPreference=primary, writeConcern=WriteConcern{w=majority, wTimeout=null ms, journal=null}, retryWrites=true, retryReads=true, readConcern=ReadConcern{level=null}, credential=MongoCredential{mechanism=null, userName='vineet', source='admin', password=<hidden>, mechanismProperties=<hidden>}, transportSettings=null, commandListeners=[], codecRegistry=ProvidersCodecRegistry{codecProviders=[ValueCodecProvider{}, BsonValueCodecProvider{}, DBRefCodecProvider{}, DBObjectCodecProvider{}, DocumentCodecProvider{}, CollectionCodecProvider{}, IterableCodecProvider{}, MapCodecProvider{}, GeoJsonCodecProvider{}, GridFSFileCodecProvider{}, Jsr310CodecProvider{}, JsonObjectCodecProvider{}, BsonCodecProvider{}, com.mongodb.client.model.mql.ExpressionCodecProvider@35cec305, com.mongodb.Jep395RecordCodecProvider@237add, com.mongodb.KotlinCodecProvider@491cafec, EnumCodecProvider{}]}, loggerSettings=LoggerSettings{maxDocumentLength=1000}, clusterSettings={hosts=[127.0.0.1:27017], srvHost=cluster0.3c8gqrp.mongodb.net, srvServiceName=mongodb, mode=MULTIPLE, requiredClusterType=REPLICA_SET, requiredReplicaSetName='atlas-3mn499-shard-0', serverSelector='null', clusterListeners='[]', serverSelectionTimeout='30000 ms', localThreshold='15 ms'}, socketSettings=SocketSettings{connectTimeoutMS=10000, readTimeoutMS=0, receiveBufferSize=0, proxySettings=ProxySettings{host=null, port=null, username=null, password=null}}, heartbeatSocketSettings=SocketSettings{connectTimeoutMS=10000, readTimeoutMS=10000, receiveBufferSize=0, proxySettings=ProxySettings{host=null, port=null, username=null, password=null}}, connectionPoolSettings=ConnectionPoolSettings{maxSize=100, minSize=0, maxWaitTimeMS=120000, maxConnectionLifeTimeMS=0, maxConnectionIdleTimeMS=0, maintenanceInitialDelayMS=0, maintenanceFrequencyMS=60000, connectionPoolListeners=[], maxConnecting=2}, serverSettings=ServerSettings{heartbeatFrequencyMS=10000, minHeartbeatFrequencyMS=500, serverMonitoringMode=AUTO, serverListeners='[]', serverMonitorListeners='[]'}, sslSettings=SslSettings{enabled=true, invalidHostNameAllowed=false, context=null}, applicationName='null', compressorList=[], uuidRepresentation=UNSPECIFIED, serverApi=null, autoEncryptionSettings=null, dnsClient=null, inetAddressResolver=null, contextProvider=null, timeoutMS=null} 
26-02-24 21:42:58.503 [cluster-ClusterId{value='699dce0ae493ce0b39b5bed2', description='null'}-srv-cluster0.3c8gqrp.mongodb.net] INFO  org.mongodb.driver.cluster - Adding discovered server ac-xwx5ggb-shard-00-01.3c8gqrp.mongodb.net:27017 to client view of cluster 
26-02-24 21:42:58.527 [cluster-ClusterId{value='699dce0ae493ce0b39b5bed2', description='null'}-srv-cluster0.3c8gqrp.mongodb.net] INFO  org.mongodb.driver.cluster - Adding discovered server ac-xwx5ggb-shard-00-00.3c8gqrp.mongodb.net:27017 to client view of cluster 
26-02-24 21:42:58.527 [cluster-ClusterId{value='699dce0ae493ce0b39b5bed2', description='null'}-srv-cluster0.3c8gqrp.mongodb.net] INFO  org.mongodb.driver.cluster - Adding discovered server ac-xwx5ggb-shard-00-02.3c8gqrp.mongodb.net:27017 to client view of cluster 
26-02-24 21:42:58.576 [main] INFO  org.mongodb.driver.cluster - Waiting for server to become available for operation createIndexes with ID 5. Remaining time: 29989 ms. Selector: WritableServerSelector, topology description: {type=REPLICA_SET, servers=[{address=ac-xwx5ggb-shard-00-02.3c8gqrp.mongodb.net:27017, type=UNKNOWN, state=CONNECTING}, {address=ac-xwx5ggb-shard-00-01.3c8gqrp.mongodb.net:27017, type=UNKNOWN, state=CONNECTING}, {address=ac-xwx5ggb-shard-00-00.3c8gqrp.mongodb.net:27017, type=UNKNOWN, state=CONNECTING}]. 
26-02-24 21:42:59.027 [cluster-ClusterId{value='699dce0ae493ce0b39b5bed2', description='null'}-ac-xwx5ggb-shard-00-01.3c8gqrp.mongodb.net:27017] INFO  org.mongodb.driver.cluster - Monitor thread successfully connected to server with description ServerDescription{address=ac-xwx5ggb-shard-00-01.3c8gqrp.mongodb.net:27017, type=REPLICA_SET_PRIMARY, cryptd=false, state=CONNECTED, ok=true, minWireVersion=0, maxWireVersion=25, maxDocumentSize=16777216, logicalSessionTimeoutMinutes=30, roundTripTimeNanos=332377000, minRoundTripTimeNanos=0, setName='atlas-3mn499-shard-0', canonicalAddress=ac-xwx5ggb-shard-00-01.3c8gqrp.mongodb.net:27017, hosts=[ac-xwx5ggb-shard-00-00.3c8gqrp.mongodb.net:27017, ac-xwx5ggb-shard-00-01.3c8gqrp.mongodb.net:27017, ac-xwx5ggb-shard-00-02.3c8gqrp.mongodb.net:27017], passives=[], arbiters=[], primary='ac-xwx5ggb-shard-00-01.3c8gqrp.mongodb.net:27017', tagSet=TagSet{[Tag{name='availabilityZone', value='aps1-az3'}, Tag{name='diskState', value='READY'}, Tag{name='nodeType', value='ELECTABLE'}, Tag{name='provider', value='AWS'}, Tag{name='region', value='AP_SOUTH_1'}, Tag{name='workloadType', value='OPERATIONAL'}]}, electionId=7fffffff0000000000000134, setVersion=337, topologyVersion=TopologyVersion{processId=698f8874c9644031240fd16e, counter=6}, lastWriteDate=Tue Feb 24 21:42:59 IST 2026, lastUpdateTimeNanos=125280106252200} 
26-02-24 21:42:59.027 [cluster-ClusterId{value='699dce0ae493ce0b39b5bed2', description='null'}-ac-xwx5ggb-shard-00-00.3c8gqrp.mongodb.net:27017] INFO  org.mongodb.driver.cluster - Monitor thread successfully connected to server with description ServerDescription{address=ac-xwx5ggb-shard-00-00.3c8gqrp.mongodb.net:27017, type=REPLICA_SET_SECONDARY, cryptd=false, state=CONNECTED, ok=true, minWireVersion=0, maxWireVersion=25, maxDocumentSize=16777216, logicalSessionTimeoutMinutes=30, roundTripTimeNanos=329580500, minRoundTripTimeNanos=0, setName='atlas-3mn499-shard-0', canonicalAddress=ac-xwx5ggb-shard-00-00.3c8gqrp.mongodb.net:27017, hosts=[ac-xwx5ggb-shard-00-00.3c8gqrp.mongodb.net:27017, ac-xwx5ggb-shard-00-01.3c8gqrp.mongodb.net:27017, ac-xwx5ggb-shard-00-02.3c8gqrp.mongodb.net:27017], passives=[], arbiters=[], primary='ac-xwx5ggb-shard-00-01.3c8gqrp.mongodb.net:27017', tagSet=TagSet{[Tag{name='availabilityZone', value='aps1-az1'}, Tag{name='diskState', value='READY'}, Tag{name='nodeType', value='ELECTABLE'}, Tag{name='provider', value='AWS'}, Tag{name='region', value='AP_SOUTH_1'}, Tag{name='workloadType', value='OPERATIONAL'}]}, electionId=null, setVersion=337, topologyVersion=TopologyVersion{processId=698f8593a51613976fa6996d, counter=4}, lastWriteDate=Tue Feb 24 21:42:59 IST 2026, lastUpdateTimeNanos=125280106252200} 
26-02-24 21:42:59.028 [cluster-ClusterId{value='699dce0ae493ce0b39b5bed2', description='null'}-ac-xwx5ggb-shard-00-02.3c8gqrp.mongodb.net:27017] INFO  org.mongodb.driver.cluster - Monitor thread successfully connected to server with description ServerDescription{address=ac-xwx5ggb-shard-00-02.3c8gqrp.mongodb.net:27017, type=REPLICA_SET_SECONDARY, cryptd=false, state=CONNECTED, ok=true, minWireVersion=0, maxWireVersion=25, maxDocumentSize=16777216, logicalSessionTimeoutMinutes=30, roundTripTimeNanos=329584800, minRoundTripTimeNanos=0, setName='atlas-3mn499-shard-0', canonicalAddress=ac-xwx5ggb-shard-00-02.3c8gqrp.mongodb.net:27017, hosts=[ac-xwx5ggb-shard-00-00.3c8gqrp.mongodb.net:27017, ac-xwx5ggb-shard-00-01.3c8gqrp.mongodb.net:27017, ac-xwx5ggb-shard-00-02.3c8gqrp.mongodb.net:27017], passives=[], arbiters=[], primary='ac-xwx5ggb-shard-00-01.3c8gqrp.mongodb.net:27017', tagSet=TagSet{[Tag{name='availabilityZone', value='aps1-az2'}, Tag{name='diskState', value='READY'}, Tag{name='nodeType', value='ELECTABLE'}, Tag{name='provider', value='AWS'}, Tag{name='region', value='AP_SOUTH_1'}, Tag{name='workloadType', value='OPERATIONAL'}]}, electionId=null, setVersion=337, topologyVersion=TopologyVersion{processId=698f8b30c3ee4c3482dc9051, counter=3}, lastWriteDate=Tue Feb 24 21:42:59 IST 2026, lastUpdateTimeNanos=125280106252200} 
26-02-24 21:42:59.030 [cluster-ClusterId{value='699dce0ae493ce0b39b5bed2', description='null'}-ac-xwx5ggb-shard-00-01.3c8gqrp.mongodb.net:27017] INFO  org.mongodb.driver.cluster - Discovered replica set primary ac-xwx5ggb-shard-00-01.3c8gqrp.mongodb.net:27017 with max election id 7fffffff0000000000000134 and max set version 337 
26-02-24 21:42:59.438 [main] INFO  o.s.s.c.a.a.c.InitializeUserDetailsBeanManagerConfigurer$InitializeUserDetailsManagerConfigurer - Global AuthenticationManager configured with UserDetailsService bean with name userDetailsServiceImpl 
26-02-24 21:42:59.773 [main] INFO  o.a.coyote.http11.Http11NioProtocol - Starting ProtocolHandler ["http-nio-8080"] 
26-02-24 21:42:59.782 [main] INFO  o.s.boot.tomcat.TomcatWebServer - Tomcat started on port 8080 (http) with context path '/journal' 
26-02-24 21:42:59.787 [main] INFO  c.e.j.JournalAppLatestApplication - Started JournalAppLatestApplication in 2.957 seconds (process running for 3.404) 
